<?xml version="1.0" standalone="no"?>
<tree>
<declarations>
<attributeDecl name="name" type="String"/>
<attributeDecl name="id" type="String"/>
<attributeDecl name="number" type="Real"/>
<attributeDecl name="locations" type="String"/>
</declarations>
<branch>
<attribute name="name" value="Emanuel  Rahm I."/>
<attribute name="id" value="35880"/>
<attribute name="number" value="10"/>
<attribute name="locations" value="{Palo Alto=2,Orlando=2,San Francisco=2,Portland=2,Seattle=2,Boston=2,Minnesota=2,KeyWest=2}"/>
<branch>
<attribute name="name" value=" Axelrod, David M"/>
<attribute name="id" value="12672"/>
<attribute name="number" value="3"/>
<attribute name="locations" value="{Palo Alto=2,Sunnyvale=1}"/>
<leaf>
<attribute name="name" value="Brennan John O."/>
<attribute name="id" value="85015"/>
</leaf>
<leaf>
<attribute name="name" value=" Larus  Anne K."/>
<attribute name="id" value="101900"/>
</leaf>
</branch>
<branch>
<attribute name="name" value=" Mackey  Erin E."/>
<attribute name="id" value="82187"/>
<attribute name="number" value="3"/>
<attribute name="locations" value="{Orlando=2}"/>
<leaf>
<attribute name="name" value=" Yeager  Jennifer F."/>
<attribute name="id" value="120125"/>
</leaf>
<leaf>
<attribute name="name" value="Catherine Sue"/>
<attribute name="id" value="134021"/>
</leaf>
</branch>
<branch>
<attribute name="name" value="Marcozzi  David E."/>
<attribute name="id" value="70278"/>
<attribute name="number" value="3"/>
<attribute name="locations" value="{SanFransicso=2}"/>
<leaf>
<attribute name="name" value=" Campbell  Grant E."/>
<attribute name="id" value="115401"/>
</leaf>
<leaf>
<attribute name="name" value=" Millison  Chad L."/>
<attribute name="id" value="70830"/>
</leaf>
<leaf>
<attribute name="name" value=" Tamarin  Nathanael P."/>
<attribute name="id" value="28448"/>
</leaf>
</branch>
</branch>
</tree>
